2025-11-18 17:56:17.670 -06:00 [INF] Now listening on: http://localhost:5194
2025-11-18 17:56:17.693 -06:00 [INF] Application started. Press Ctrl+C to shut down.
2025-11-18 17:56:17.693 -06:00 [INF] Hosting environment: Development
2025-11-18 17:56:17.693 -06:00 [INF] Content root path: /Users/samuelt/SmartHome-DeviceService/DeviceService.Api
2025-11-18 17:57:10.878 -06:00 [INF] No correlation ID was found in the request headers
2025-11-18 17:57:10.881 -06:00 [WRN] Failed to determine the https port for redirect.
2025-11-18 17:57:11.127 -06:00 [INF] No correlation ID was found in the request headers
2025-11-18 17:58:06.113 -06:00 [INF] No correlation ID was found in the request headers
2025-11-18 18:00:15.125 -06:00 [INF] No correlation ID was found in the request headers
2025-11-18 18:11:57.640 -06:00 [INF] Application is shutting down...
2025-11-18 18:12:13.838 -06:00 [INF] Now listening on: http://localhost:5194
2025-11-18 18:12:13.859 -06:00 [INF] Application started. Press Ctrl+C to shut down.
2025-11-18 18:12:13.859 -06:00 [INF] Hosting environment: Development
2025-11-18 18:12:13.860 -06:00 [INF] Content root path: /Users/samuelt/SmartHome-DeviceService/DeviceService.Api
2025-11-18 18:15:17.212 -06:00 [INF] Application is shutting down...
2025-11-18 18:15:47.645 -06:00 [INF] Now listening on: http://localhost:5194
2025-11-18 18:15:47.669 -06:00 [INF] Application started. Press Ctrl+C to shut down.
2025-11-18 18:15:47.669 -06:00 [INF] Hosting environment: Development
2025-11-18 18:15:47.669 -06:00 [INF] Content root path: /Users/samuelt/SmartHome-DeviceService/DeviceService.Api
2025-11-18 21:16:45.584 -06:00 [INF] Application is shutting down...
2025-11-18 21:17:49.889 -06:00 [INF] Now listening on: http://localhost:5194
2025-11-18 21:17:49.911 -06:00 [INF] Application started. Press Ctrl+C to shut down.
2025-11-18 21:17:49.911 -06:00 [INF] Hosting environment: Development
2025-11-18 21:17:49.912 -06:00 [INF] Content root path: /Users/samuelt/SmartHome-DeviceService/DeviceService.Api
2025-11-18 21:18:01.403 -06:00 [INF] No correlation ID was found in the request headers
2025-11-18 21:18:01.405 -06:00 [WRN] Failed to determine the https port for redirect.
2025-11-18 21:18:38.216 -06:00 [INF] No correlation ID was found in the request headers
2025-11-18 21:20:21.592 -06:00 [INF] No correlation ID was found in the request headers
2025-11-18 21:21:05.593 -06:00 [INF] No correlation ID was found in the request headers
2025-11-18 21:22:44.656 -06:00 [INF] No correlation ID was found in the request headers
2025-11-18 21:36:12.638 -06:00 [INF] Application is shutting down...
2025-11-18 22:28:35.613 -06:00 [INF] Now listening on: http://localhost:5194
2025-11-18 22:28:35.635 -06:00 [INF] Application started. Press Ctrl+C to shut down.
2025-11-18 22:28:35.635 -06:00 [INF] Hosting environment: Development
2025-11-18 22:28:35.635 -06:00 [INF] Content root path: /Users/samuelt/SmartHome-DeviceService/DeviceService.Api
2025-11-18 22:32:50.915 -06:00 [INF] Application is shutting down...
2025-11-18 22:34:43.142 -06:00 [INF] Now listening on: http://localhost:5194
2025-11-18 22:34:43.165 -06:00 [INF] Application started. Press Ctrl+C to shut down.
2025-11-18 22:34:43.165 -06:00 [INF] Hosting environment: Development
2025-11-18 22:34:43.165 -06:00 [INF] Content root path: /Users/samuelt/SmartHome-DeviceService/DeviceService.Api
2025-11-18 22:34:49.746 -06:00 [INF] No correlation ID was found in the request headers
2025-11-18 22:34:49.749 -06:00 [WRN] Failed to determine the https port for redirect.
2025-11-18 22:34:49.973 -06:00 [INF] No correlation ID was found in the request headers
2025-11-18 22:34:49.984 -06:00 [INF] No correlation ID was found in the request headers
2025-11-18 22:36:23.117 -06:00 [INF] No correlation ID was found in the request headers
2025-11-18 22:36:46.877 -06:00 [INF] No correlation ID was found in the request headers
2025-11-18 22:44:42.174 -06:00 [INF] Application is shutting down...
